<?xml version="1.0" encoding="UTF-8"?>
<testng-results skipped="0" failed="0" ignored="6" total="9" passed="3">
  <reporter-output>
  </reporter-output>
  <suite name="ABC Loan Bank" duration-ms="52" started-at="2020-04-13T16:34:49 EDT" finished-at="2020-04-13T16:34:49 EDT">
    <groups>
      <group name="regression">
        <method signature="PersonalLoanTestCases.mobileLoginTest()[pri:0, instance:grouping.PersonalLoanTestCases@63753b6d]" name="mobileLoginTest" class="grouping.PersonalLoanTestCases"/>
      </group> <!-- regression -->
      <group name="smoke">
        <method signature="CarLoanTestCases.webLoginTest()[pri:0, instance:grouping.CarLoanTestCases@5f9d02cb]" name="webLoginTest" class="grouping.CarLoanTestCases"/>
        <method signature="PersonalLoanTestCases.mobileLoginTest()[pri:0, instance:grouping.PersonalLoanTestCases@63753b6d]" name="mobileLoginTest" class="grouping.PersonalLoanTestCases"/>
        <method signature="PersonalLoanTestCases.webLoginTest()[pri:0, instance:grouping.PersonalLoanTestCases@63753b6d]" name="webLoginTest" class="grouping.PersonalLoanTestCases"/>
      </group> <!-- smoke -->
    </groups>
    <test name="Smoke test cases" duration-ms="52" started-at="2020-04-13T16:34:49 EDT" finished-at="2020-04-13T16:34:49 EDT">
      <class name="grouping.CarLoanTestCases">
        <test-method status="PASS" signature="webLoginTest()[pri:0, instance:grouping.CarLoanTestCases@5f9d02cb]" name="webLoginTest" duration-ms="13" started-at="2020-04-13T16:34:49 EDT" finished-at="2020-04-13T16:34:49 EDT">
          <reporter-output>
          </reporter-output>
        </test-method> <!-- webLoginTest -->
      </class> <!-- grouping.CarLoanTestCases -->
      <class name="grouping.PersonalLoanTestCases">
        <test-method status="PASS" signature="mobileLoginTest()[pri:0, instance:grouping.PersonalLoanTestCases@63753b6d]" name="mobileLoginTest" duration-ms="1" started-at="2020-04-13T16:34:49 EDT" finished-at="2020-04-13T16:34:49 EDT">
          <reporter-output>
          </reporter-output>
        </test-method> <!-- mobileLoginTest -->
        <test-method status="PASS" signature="webLoginTest()[pri:0, instance:grouping.PersonalLoanTestCases@63753b6d]" name="webLoginTest" duration-ms="1" started-at="2020-04-13T16:34:49 EDT" finished-at="2020-04-13T16:34:49 EDT">
          <reporter-output>
          </reporter-output>
        </test-method> <!-- webLoginTest -->
      </class> <!-- grouping.PersonalLoanTestCases -->
    </test> <!-- Smoke test cases -->
  </suite> <!-- ABC Loan Bank -->
</testng-results>
