<?xml version="1.0" encoding="UTF-8"?>
<testng-results skipped="0" failed="0" ignored="0" total="2" passed="2">
  <reporter-output>
  </reporter-output>
  <suite name="Suite" duration-ms="43" started-at="2020-04-14T14:13:08 EDT" finished-at="2020-04-14T14:13:08 EDT">
    <groups>
    </groups>
    <test name="Test" duration-ms="43" started-at="2020-04-14T14:13:08 EDT" finished-at="2020-04-14T14:13:08 EDT">
      <class name="com.suresh.selenium.SeleniumTest">
        <test-method status="PASS" signature="homePageTest()[pri:0, instance:com.suresh.selenium.SeleniumTest@17695df3]" name="homePageTest" duration-ms="9" started-at="2020-04-14T14:13:08 EDT" finished-at="2020-04-14T14:13:08 EDT">
          <reporter-output>
          </reporter-output>
        </test-method> <!-- homePageTest -->
        <test-method status="PASS" signature="loginTest()[pri:0, instance:com.suresh.selenium.SeleniumTest@17695df3]" name="loginTest" duration-ms="1" started-at="2020-04-14T14:13:08 EDT" finished-at="2020-04-14T14:13:08 EDT">
          <reporter-output>
          </reporter-output>
        </test-method> <!-- loginTest -->
      </class> <!-- com.suresh.selenium.SeleniumTest -->
    </test> <!-- Test -->
  </suite> <!-- Suite -->
</testng-results>
