<?xml version="1.0" encoding="UTF-8"?>
<testng-results skipped="0" failed="0" ignored="0" total="1" passed="1">
  <reporter-output>
  </reporter-output>
  <suite name="Suite" duration-ms="639" started-at="2020-04-17T17:42:12 EDT" finished-at="2020-04-17T17:42:13 EDT">
    <groups>
    </groups>
    <test name="Test" duration-ms="639" started-at="2020-04-17T17:42:12 EDT" finished-at="2020-04-17T17:42:13 EDT">
      <class name="org.test.base.TestBase">
        <test-method status="PASS" signature="readWorkBookData()[pri:0, instance:org.test.base.TestBase@57536d79]" name="readWorkBookData" duration-ms="593" started-at="2020-04-17T17:42:12 EDT" finished-at="2020-04-17T17:42:13 EDT">
          <reporter-output>
          </reporter-output>
        </test-method> <!-- readWorkBookData -->
      </class> <!-- org.test.base.TestBase -->
    </test> <!-- Test -->
  </suite> <!-- Suite -->
</testng-results>
