<?xml version="1.0" encoding="UTF-8"?>
<testng-results skipped="0" failed="0" ignored="0" total="6" passed="6">
  <reporter-output>
  </reporter-output>
  <suite name="Suite" duration-ms="12452" started-at="2020-04-22T18:48:05 EDT" finished-at="2020-04-22T18:48:17 EDT">
    <groups>
    </groups>
    <test name="Test" duration-ms="12452" started-at="2020-04-22T18:48:05 EDT" finished-at="2020-04-22T18:48:17 EDT">
      <class name="TestCases.RSAPITest">
        <test-method status="PASS" signature="setup()[pri:0, instance:TestCases.RSAPITest@50b494a6]" name="setup" is-config="true" duration-ms="34" started-at="2020-04-22T18:48:08 EDT" finished-at="2020-04-22T18:48:08 EDT">
          <reporter-output>
          </reporter-output>
        </test-method> <!-- setup -->
        <test-method status="PASS" signature="addPlace()[pri:0, instance:TestCases.RSAPITest@50b494a6]" name="addPlace" duration-ms="1498" started-at="2020-04-22T18:48:08 EDT" description="Adding a place into the system" finished-at="2020-04-22T18:48:09 EDT">
          <reporter-output>
          </reporter-output>
        </test-method> <!-- addPlace -->
        <test-method status="PASS" signature="setup()[pri:0, instance:TestCases.RSAPITest@50b494a6]" name="setup" is-config="true" duration-ms="3" started-at="2020-04-22T18:48:09 EDT" finished-at="2020-04-22T18:48:09 EDT">
          <reporter-output>
          </reporter-output>
        </test-method> <!-- setup -->
        <test-method status="PASS" signature="tearDown()[pri:0, instance:TestCases.RSAPITest@50b494a6]" name="tearDown" is-config="true" duration-ms="0" started-at="2020-04-22T18:48:09 EDT" finished-at="2020-04-22T18:48:09 EDT">
          <reporter-output>
          </reporter-output>
        </test-method> <!-- tearDown -->
        <test-method status="PASS" signature="getDynamicPlaceID()[pri:0, instance:TestCases.RSAPITest@50b494a6]" name="getDynamicPlaceID" duration-ms="3477" started-at="2020-04-22T18:48:09 EDT" description="To get the place id dynamically" finished-at="2020-04-22T18:48:13 EDT">
          <reporter-output>
          </reporter-output>
        </test-method> <!-- getDynamicPlaceID -->
        <test-method status="PASS" signature="tearDown()[pri:0, instance:TestCases.RSAPITest@50b494a6]" name="tearDown" is-config="true" duration-ms="1" started-at="2020-04-22T18:48:13 EDT" finished-at="2020-04-22T18:48:13 EDT">
          <reporter-output>
          </reporter-output>
        </test-method> <!-- tearDown -->
        <test-method status="PASS" signature="setup()[pri:0, instance:TestCases.RSAPITest@50b494a6]" name="setup" is-config="true" duration-ms="1" started-at="2020-04-22T18:48:13 EDT" finished-at="2020-04-22T18:48:13 EDT">
          <reporter-output>
          </reporter-output>
        </test-method> <!-- setup -->
        <test-method status="PASS" signature="getPlaceUsingDEFAULTPlaceID()[pri:0, instance:TestCases.RSAPITest@50b494a6]" name="getPlaceUsingDEFAULTPlaceID" duration-ms="1506" started-at="2020-04-22T18:48:13 EDT" description="To get the default place ID" finished-at="2020-04-22T18:48:14 EDT">
          <reporter-output>
          </reporter-output>
        </test-method> <!-- getPlaceUsingDEFAULTPlaceID -->
        <test-method status="PASS" signature="tearDown()[pri:0, instance:TestCases.RSAPITest@50b494a6]" name="tearDown" is-config="true" duration-ms="1" started-at="2020-04-22T18:48:14 EDT" finished-at="2020-04-22T18:48:14 EDT">
          <reporter-output>
          </reporter-output>
        </test-method> <!-- tearDown -->
        <test-method status="PASS" signature="setup()[pri:0, instance:TestCases.RSAPITest@50b494a6]" name="setup" is-config="true" duration-ms="1" started-at="2020-04-22T18:48:14 EDT" finished-at="2020-04-22T18:48:14 EDT">
          <reporter-output>
          </reporter-output>
        </test-method> <!-- setup -->
        <test-method status="PASS" signature="changePlaceUsingDyamicPlaceID()[pri:0, instance:TestCases.RSAPITest@50b494a6]" name="changePlaceUsingDyamicPlaceID" duration-ms="1426" started-at="2020-04-22T18:48:14 EDT" description="Update the place with new data" depends-on-methods="TestCases.RSAPITest.getDynamicPlaceID" finished-at="2020-04-22T18:48:16 EDT">
          <reporter-output>
          </reporter-output>
        </test-method> <!-- changePlaceUsingDyamicPlaceID -->
        <test-method status="PASS" signature="tearDown()[pri:0, instance:TestCases.RSAPITest@50b494a6]" name="tearDown" is-config="true" duration-ms="0" started-at="2020-04-22T18:48:16 EDT" finished-at="2020-04-22T18:48:16 EDT">
          <reporter-output>
          </reporter-output>
        </test-method> <!-- tearDown -->
        <test-method status="PASS" signature="setup()[pri:0, instance:TestCases.RSAPITest@50b494a6]" name="setup" is-config="true" duration-ms="1" started-at="2020-04-22T18:48:16 EDT" finished-at="2020-04-22T18:48:16 EDT">
          <reporter-output>
          </reporter-output>
        </test-method> <!-- setup -->
        <test-method status="PASS" signature="deletePlaceUsingDynamicPlaceID()[pri:0, instance:TestCases.RSAPITest@50b494a6]" name="deletePlaceUsingDynamicPlaceID" duration-ms="1532" started-at="2020-04-22T18:48:16 EDT" description="Delete the newly added place" depends-on-methods="TestCases.RSAPITest.getDynamicPlaceID" finished-at="2020-04-22T18:48:17 EDT">
          <reporter-output>
          </reporter-output>
        </test-method> <!-- deletePlaceUsingDynamicPlaceID -->
        <test-method status="PASS" signature="tearDown()[pri:0, instance:TestCases.RSAPITest@50b494a6]" name="tearDown" is-config="true" duration-ms="0" started-at="2020-04-22T18:48:17 EDT" finished-at="2020-04-22T18:48:17 EDT">
          <reporter-output>
          </reporter-output>
        </test-method> <!-- tearDown -->
      </class> <!-- TestCases.RSAPITest -->
      <class name="TestCases.BasicCRUD">
        <test-method status="PASS" signature="setup()[pri:0, instance:TestCases.BasicCRUD@6e6c3152]" name="setup" is-config="true" duration-ms="494" started-at="2020-04-22T18:48:05 EDT" finished-at="2020-04-22T18:48:05 EDT">
          <reporter-output>
          </reporter-output>
        </test-method> <!-- setup -->
        <test-method status="PASS" signature="getCompetition()[pri:0, instance:TestCases.BasicCRUD@6e6c3152]" name="getCompetition" duration-ms="2444" started-at="2020-04-22T18:48:05 EDT" finished-at="2020-04-22T18:48:08 EDT">
          <reporter-output>
          </reporter-output>
        </test-method> <!-- getCompetition -->
      </class> <!-- TestCases.BasicCRUD -->
    </test> <!-- Test -->
  </suite> <!-- Suite -->
</testng-results>
