<?xml version="1.0" encoding="UTF-8"?>
<!-- Generated by org.testng.reporters.JUnitXMLReporter -->
<testsuite hostname="Sureshs-iMac" ignored="0" name="Test" tests="6" failures="0" timestamp="2020-04-22T18:48:17 EDT" time="12.452" errors="0">
  <testcase name="getCompetition" time="2.444" classname="TestCases.BasicCRUD"/>
  <testcase name="addPlace" time="1.498" classname="TestCases.RSAPITest"/>
  <testcase name="getDynamicPlaceID" time="3.477" classname="TestCases.RSAPITest"/>
  <testcase name="getPlaceUsingDEFAULTPlaceID" time="1.506" classname="TestCases.RSAPITest"/>
  <testcase name="changePlaceUsingDyamicPlaceID" time="1.426" classname="TestCases.RSAPITest"/>
  <testcase name="deletePlaceUsingDynamicPlaceID" time="1.532" classname="TestCases.RSAPITest"/>
</testsuite> <!-- Test -->
