<?xml version="1.0" encoding="UTF-8"?>
<!-- Generated by org.testng.reporters.JUnitXMLReporter -->
<testsuite hostname="Sureshs-iMac" ignored="0" name="Default test" tests="3" failures="0" timestamp="2020-04-13T14:37:03 EDT" time="0.045" errors="0">
  <testcase name="RestLoginTest" time="0.009" classname="testcases.CarLoanTestCases"/>
  <testcase name="mobileLoginTest" time="0.001" classname="testcases.CarLoanTestCases"/>
  <testcase name="webLoginTest" time="0.001" classname="testcases.CarLoanTestCases"/>
</testsuite> <!-- Default test -->
