<?xml version="1.0" encoding="UTF-8"?>
<!-- Generated by org.testng.reporters.JUnitXMLReporter -->
<testsuite hostname="Sureshs-iMac" ignored="0" name="Default test" tests="5" failures="0" timestamp="2020-04-22T18:23:46 EDT" time="14.686" errors="0">
  <testcase name="addPlace" time="2.413" classname="TestCases.RSAPITest"/>
  <testcase name="getDynamicPlaceID" time="5.457" classname="TestCases.RSAPITest"/>
  <testcase name="getPlaceUsingDEFAULTPlaceID" time="3.35" classname="TestCases.RSAPITest"/>
  <testcase name="changePlaceUsingDyamicPlaceID" time="1.429" classname="TestCases.RSAPITest"/>
  <testcase name="deletePLaceUsingDynamicPlaceID" time="1.43" classname="TestCases.RSAPITest"/>
</testsuite> <!-- Default test -->
