<?xml version="1.0" encoding="UTF-8"?>
<testng-results skipped="0" failed="0" ignored="0" total="1" passed="1">
  <reporter-output>
  </reporter-output>
  <suite name="Default suite" duration-ms="41" started-at="2020-04-19T16:34:22 EDT" finished-at="2020-04-19T16:34:22 EDT">
    <groups>
    </groups>
    <test name="Default test" duration-ms="41" started-at="2020-04-19T16:34:22 EDT" finished-at="2020-04-19T16:34:22 EDT">
      <class name="properties.Property">
        <test-method status="PASS" signature="getProperty()[pri:0, instance:properties.Property@2758fe70]" name="getProperty" duration-ms="11" started-at="2020-04-19T16:34:22 EDT" finished-at="2020-04-19T16:34:22 EDT">
          <reporter-output>
          </reporter-output>
        </test-method> <!-- getProperty -->
      </class> <!-- properties.Property -->
    </test> <!-- Default test -->
  </suite> <!-- Default suite -->
</testng-results>
