<?xml version="1.0" encoding="UTF-8" ?>
<testsuite tests="6" failures="0" name="TestSuite" time="0.012" errors="0" skipped="0">
  <properties>
[...]
</properties>
  <testcase classname="com.suresh.selenium.RestAssuredTest" name="homePageTest" time="0.008"/>
  <testcase classname="com.suresh.selenium.RestAssuredTest" name="loginTest" time="0"/>
  <testcase classname="com.suresh.selenium.AppiumTest" name="homePageTest" time="0.001"/>
  <testcase classname="com.suresh.selenium.AppiumTest" name="loginTest" time="0.001"/>
  <testcase classname="com.suresh.selenium.SeleniumTest" name="homePageTest" time="0.001"/>
  <testcase classname="com.suresh.selenium.SeleniumTest" name="loginTest" time="0.001"/>
</testsuite>