<?xml version="1.0" encoding="UTF-8"?>
<!-- Generated by org.testng.reporters.JUnitXMLReporter -->
<testsuite hostname="Sureshs-iMac" ignored="0" name="Test" tests="4" failures="0" timestamp="2020-04-13T14:37:37 EDT" time="0.074" errors="0">
  <testcase name="RestLoginTest" time="0.009" classname="testcases.CarLoanTestCases"/>
  <testcase name="mobileLoginTest" time="0.002" classname="testcases.CarLoanTestCases"/>
  <testcase name="webLoginTest" time="0.003" classname="testcases.CarLoanTestCases"/>
  <testcase name="Test1" time="0.002" classname="testcases.firstTest"/>
</testsuite> <!-- Test -->
