<?xml version="1.0" encoding="UTF-8"?>
<!-- Generated by org.testng.reporters.JUnitXMLReporter -->
<testsuite hostname="Sureshs-iMac" ignored="0" name="ABC Loan Bank Tests" tests="6" failures="0" timestamp="2020-04-13T14:41:02 EDT" time="0.056" errors="0">
  <testcase name="RestLoginTest" time="0.011" classname="testcases.CarLoanTestCases"/>
  <testcase name="mobileLoginTest" time="0.001" classname="testcases.CarLoanTestCases"/>
  <testcase name="webLoginTest" time="0.001" classname="testcases.CarLoanTestCases"/>
  <testcase name="RestLoginTest" time="0.001" classname="testcases.HomeLoanTestCases"/>
  <testcase name="mobileLoginTest" time="0.001" classname="testcases.HomeLoanTestCases"/>
  <testcase name="webLoginTest" time="0.001" classname="testcases.HomeLoanTestCases"/>
</testsuite> <!-- ABC Loan Bank Tests -->
