<?xml version="1.0" encoding="UTF-8"?>
<!-- Generated by org.testng.reporters.JUnitXMLReporter -->
<testsuite hostname="Sureshs-iMac" ignored="3" tests="0" failures="0" timestamp="2020-04-13T16:23:46 EDT" time="0.001" errors="0">
  <testcase name="mobileLoginTest" time="0.0" classname="annotations.HomeLoanTestCases">
    <ignored/>
  </testcase> <!-- mobileLoginTest -->
  <testcase name="RestLoginTest" time="0.0" classname="annotations.HomeLoanTestCases">
    <ignored/>
  </testcase> <!-- RestLoginTest -->
  <testcase name="webLoginTest" time="0.0" classname="annotations.HomeLoanTestCases">
    <ignored/>
  </testcase> <!-- webLoginTest -->
</testsuite>
