<?xml version="1.0" encoding="UTF-8"?>
<!-- Generated by org.testng.reporters.JUnitXMLReporter -->
<testsuite hostname="Sureshs-iMac" ignored="0" name="Home Loan Test Cases" tests="4" failures="0" timestamp="2020-04-13T17:29:32 EDT" time="0.007" errors="0">
  <testcase name="RestLoginTest" time="0.001" classname="parameteratxmlfilelevel.HomeLoanTestCases"/>
  <testcase name="mobileLoginTest" time="0.0" classname="parameteratxmlfilelevel.HomeLoanTestCases"/>
  <testcase name="paramterTest" time="0.001" classname="parameteratxmlfilelevel.HomeLoanTestCases"/>
  <testcase name="webLoginTest" time="0.001" classname="parameteratxmlfilelevel.HomeLoanTestCases"/>
</testsuite> <!-- Home Loan Test Cases -->
