<?xml version="1.0" encoding="UTF-8"?>
<!-- Generated by org.testng.reporters.JUnitXMLReporter -->
<testsuite hostname="Sureshs-iMac" ignored="6" name="Smoke test cases" tests="3" failures="0" timestamp="2020-04-13T16:34:49 EDT" time="0.052" errors="0">
  <testcase name="webLoginTest" time="0.013" classname="grouping.CarLoanTestCases"/>
  <testcase name="mobileLoginTest" time="0.001" classname="grouping.PersonalLoanTestCases"/>
  <testcase name="webLoginTest" time="0.001" classname="grouping.PersonalLoanTestCases"/>
  <testcase name="RestLoginTest" time="0.0" classname="grouping.CarLoanTestCases">
    <ignored/>
  </testcase> <!-- RestLoginTest -->
  <testcase name="RestLoginTest" time="0.0" classname="grouping.PersonalLoanTestCases">
    <ignored/>
  </testcase> <!-- RestLoginTest -->
  <testcase name="mobileLoginTest" time="0.0" classname="grouping.CarLoanTestCases">
    <ignored/>
  </testcase> <!-- mobileLoginTest -->
  <testcase name="mobileLoginTest" time="0.0" classname="grouping.HomeLoanTestCases">
    <ignored/>
  </testcase> <!-- mobileLoginTest -->
  <testcase name="webLoginTest" time="0.0" classname="grouping.HomeLoanTestCases">
    <ignored/>
  </testcase> <!-- webLoginTest -->
  <testcase name="RestLoginTest" time="0.0" classname="grouping.HomeLoanTestCases">
    <ignored/>
  </testcase> <!-- RestLoginTest -->
</testsuite> <!-- Smoke test cases -->
