<?xml version="1.0" encoding="UTF-8"?>
<!-- Generated by org.testng.reporters.JUnitXMLReporter -->
<testsuite hostname="Sureshs-iMac" ignored="0" name="Command line test" tests="6" failures="0" timestamp="2020-04-17T16:58:43 EDT" time="0.053" errors="0">
  <testcase name="homePageTest" time="0.009" classname="com.suresh.selenium.RestAssuredTest"/>
  <testcase name="loginTest" time="0.0" classname="com.suresh.selenium.RestAssuredTest"/>
  <testcase name="homePageTest" time="0.001" classname="com.suresh.selenium.AppiumTest"/>
  <testcase name="loginTest" time="0.0" classname="com.suresh.selenium.AppiumTest"/>
  <testcase name="homePageTest" time="0.0" classname="com.suresh.selenium.SeleniumTest"/>
  <testcase name="loginTest" time="0.001" classname="com.suresh.selenium.SeleniumTest"/>
</testsuite> <!-- Command line test -->
