<?xml version="1.0" encoding="UTF-8"?>
<testng-results skipped="0" failed="0" ignored="0" total="1" passed="1">
  <reporter-output>
  </reporter-output>
  <suite name="Default suite" duration-ms="9313" started-at="2020-04-13T20:42:49 EDT" finished-at="2020-04-13T20:42:59 EDT">
    <groups>
    </groups>
    <test name="Default test" duration-ms="9313" started-at="2020-04-13T20:42:49 EDT" finished-at="2020-04-13T20:42:59 EDT">
      <class name="testcases.FlightAutomation">
        <test-method status="PASS" signature="Login()[pri:0, instance:testcases.FlightAutomation@13eb8acf]" name="Login" duration-ms="9284" started-at="2020-04-13T20:42:49 EDT" finished-at="2020-04-13T20:42:59 EDT">
          <reporter-output>
          </reporter-output>
        </test-method> <!-- Login -->
      </class> <!-- testcases.FlightAutomation -->
    </test> <!-- Default test -->
  </suite> <!-- Default suite -->
</testng-results>
